<?xml version="1.0" encoding="UTF-8"?>
<!-- Generated by org.testng.reporters.JUnitXMLReporter -->
<testsuite hostname="DESKTOP-ADM31IU" ignored="0" name="成语大全接口" tests="6" failures="0" timestamp="2021-05-30T09:56:03 CST" time="3.1" errors="0">
  <testcase name="test" time="1.75" classname="com.api.autotest.testcase.BaseProcessorV8"/>
  <testcase name="test" time="0.15" classname="com.api.autotest.testcase.BaseProcessorV8"/>
  <testcase name="test" time="0.15" classname="com.api.autotest.testcase.BaseProcessorV8"/>
  <testcase name="test" time="0.23" classname="com.api.autotest.testcase.BaseProcessorV8"/>
  <testcase name="test" time="0.13" classname="com.api.autotest.testcase.BaseProcessorV8"/>
  <testcase name="test" time="0.17" classname="com.api.autotest.testcase.BaseProcessorV8"/>
</testsuite> <!-- 成语大全接口 -->
