<?xml version="1.0" encoding="UTF-8"?>
<!-- Generated by org.testng.reporters.JUnitXMLReporter -->
<testsuite hostname="DESKTOP-ADM31IU" ignored="0" name="手机号码归属地" tests="7" failures="0"
           timestamp="2021-05-30T09:56:04 CST" time="1.08" errors="0">
    <testcase name="test" time="0.13" classname="com.api.autotest.testcase.BaseProcessorV8"/>
    <testcase name="test" time="0.15" classname="com.api.autotest.testcase.BaseProcessorV8"/>
    <testcase name="test" time="0.16" classname="com.api.autotest.testcase.BaseProcessorV8"/>
    <testcase name="test" time="0.14" classname="com.api.autotest.testcase.BaseProcessorV8"/>
    <testcase name="test" time="0.17" classname="com.api.autotest.testcase.BaseProcessorV8"/>
    <testcase name="test" time="0.17" classname="com.api.autotest.testcase.BaseProcessorV8"/>
    <testcase name="test" time="0.16" classname="com.api.autotest.testcase.BaseProcessorV8"/>
</testsuite> <!-- 手机号码归属地 -->
