<?xml version="1.0" encoding="UTF-8"?>
<!-- Generated by org.testng.reporters.JUnitXMLReporter -->
<testsuite hostname="DESKTOP-ADM31IU" ignored="0" name="手机号码归属地" tests="7" failures="0" timestamp="2021-04-18T17:48:45 CST" time="0.425" errors="0">
  <testcase name="test" time="0.036" classname="com.api.autotest.testcase.BaseProcessorV8"/>
  <testcase name="test" time="0.071" classname="com.api.autotest.testcase.BaseProcessorV8"/>
  <testcase name="test" time="0.097" classname="com.api.autotest.testcase.BaseProcessorV8"/>
  <testcase name="test" time="0.032" classname="com.api.autotest.testcase.BaseProcessorV8"/>
  <testcase name="test" time="0.067" classname="com.api.autotest.testcase.BaseProcessorV8"/>
  <testcase name="test" time="0.045" classname="com.api.autotest.testcase.BaseProcessorV8"/>
  <testcase name="test" time="0.065" classname="com.api.autotest.testcase.BaseProcessorV8"/>
</testsuite> <!-- 手机号码归属地 -->
