<?xml version="1.0" encoding="UTF-8"?>
<testsuite name="手机号码归属地"
           tests="7"
           failures="0"
           errors="0"
           skipped="0"
           time="0.413">
  <properties />
  
  
            <testcase name="test" time="0.097" classname="com.api.autotest.testcase.DataProviderTestV3" />
                <testcase name="test" time="0.045" classname="com.api.autotest.testcase.DataProviderTestV3" />
                <testcase name="test" time="0.065" classname="com.api.autotest.testcase.DataProviderTestV3" />
                <testcase name="test" time="0.032" classname="com.api.autotest.testcase.DataProviderTestV3" />
                <testcase name="test" time="0.036" classname="com.api.autotest.testcase.DataProviderTestV3" />
                <testcase name="test" time="0.071" classname="com.api.autotest.testcase.DataProviderTestV3" />
                <testcase name="test" time="0.067" classname="com.api.autotest.testcase.DataProviderTestV3" />
      
</testsuite>
