<?xml version="1.0" encoding="UTF-8"?>
<testsuite name="手机号码归属地"
           tests="7"
           failures="0"
           errors="0"
           skipped="0"
           time="1.080">
  <properties />
  
  
            <testcase name="test" time="0.160" classname="com.api.autotest.testcase.DataProviderTestV3" />
                <testcase name="test" time="0.130" classname="com.api.autotest.testcase.DataProviderTestV3" />
                <testcase name="test" time="0.170" classname="com.api.autotest.testcase.DataProviderTestV3" />
                <testcase name="test" time="0.140" classname="com.api.autotest.testcase.DataProviderTestV3" />
                <testcase name="test" time="0.160" classname="com.api.autotest.testcase.DataProviderTestV3" />
                <testcase name="test" time="0.150" classname="com.api.autotest.testcase.DataProviderTestV3" />
                <testcase name="test" time="0.170" classname="com.api.autotest.testcase.DataProviderTestV3" />
      
</testsuite>
