<?xml version="1.0" encoding="UTF-8"?>
<testsuite name="成语大全接口"
           tests="6"
           failures="0"
           errors="0"
           skipped="0"
           time="2.172">
  <properties />
  
  
            <testcase name="test" time="0.113" classname="com.api.autotest.testcase.DataProviderTestV2" />
                <testcase name="test" time="1.869" classname="com.api.autotest.testcase.DataProviderTestV2" />
                <testcase name="test" time="0.056" classname="com.api.autotest.testcase.DataProviderTestV2" />
                <testcase name="test" time="0.037" classname="com.api.autotest.testcase.DataProviderTestV2" />
                <testcase name="test" time="0.059" classname="com.api.autotest.testcase.DataProviderTestV2" />
                <testcase name="test" time="0.038" classname="com.api.autotest.testcase.DataProviderTestV2" />
      
</testsuite>
