<?xml version="1.0" encoding="UTF-8"?>
<!-- Generated by org.testng.reporters.JUnitXMLReporter -->
<testsuite hostname="DESKTOP-ADM31IU" ignored="0" name="成语大全接口" tests="6" failures="0" timestamp="2021-04-18T17:38:40 CST" time="2.827" errors="0">
  <testcase name="test" time="1.896" classname="com.api.autotest.testcase.BaseProcessorV8"/>
  <testcase name="test" time="0.097" classname="com.api.autotest.testcase.BaseProcessorV8"/>
  <testcase name="test" time="0.036" classname="com.api.autotest.testcase.BaseProcessorV8"/>
  <testcase name="test" time="0.138" classname="com.api.autotest.testcase.BaseProcessorV8"/>
  <testcase name="test" time="0.031" classname="com.api.autotest.testcase.BaseProcessorV8"/>
  <testcase name="test" time="0.062" classname="com.api.autotest.testcase.BaseProcessorV8"/>
</testsuite> <!-- 成语大全接口 -->
