<?xml version="1.0" encoding="UTF-8"?>
<!-- Generated by org.testng.reporters.JUnitXMLReporter -->
<testsuite hostname="DESKTOP-ADM31IU" ignored="0" name="手机号码归属地" tests="7" failures="0" timestamp="2021-04-18T17:38:40 CST" time="0.436" errors="0">
  <testcase name="test" time="0.096" classname="com.api.autotest.testcase.BaseProcessorV8"/>
  <testcase name="test" time="0.056" classname="com.api.autotest.testcase.BaseProcessorV8"/>
  <testcase name="test" time="0.052" classname="com.api.autotest.testcase.BaseProcessorV8"/>
  <testcase name="test" time="0.027" classname="com.api.autotest.testcase.BaseProcessorV8"/>
  <testcase name="test" time="0.089" classname="com.api.autotest.testcase.BaseProcessorV8"/>
  <testcase name="test" time="0.046" classname="com.api.autotest.testcase.BaseProcessorV8"/>
  <testcase name="test" time="0.056" classname="com.api.autotest.testcase.BaseProcessorV8"/>
</testsuite> <!-- 手机号码归属地 -->
